c:\users\aless\onedrive\desktop\uni work\third year\cmp303\final_exam_project\cmp303_final_game\cmp303_final\coursework\cmp105app\x64\debug\vc142.pdb
c:\users\aless\onedrive\desktop\uni work\third year\cmp303\final_exam_project\cmp303_final_game\cmp303_final\coursework\cmp105app\x64\debug\vc142.idb
c:\users\aless\onedrive\desktop\uni work\third year\cmp303\final_exam_project\cmp303_final_game\cmp303_final\coursework\cmp105app\x64\debug\player.obj
c:\users\aless\onedrive\desktop\uni work\third year\cmp303\final_exam_project\cmp303_final_game\cmp303_final\coursework\cmp105app\x64\debug\menu.obj
c:\users\aless\onedrive\desktop\uni work\third year\cmp303\final_exam_project\cmp303_final_game\cmp303_final\coursework\cmp105app\x64\debug\main.obj
c:\users\aless\onedrive\desktop\uni work\third year\cmp303\final_exam_project\cmp303_final_game\cmp303_final\coursework\cmp105app\x64\debug\level.obj
c:\users\aless\onedrive\desktop\uni work\third year\cmp303\final_exam_project\cmp303_final_game\cmp303_final\coursework\cmp105app\x64\debug\graphicstools.obj
c:\users\aless\onedrive\desktop\uni work\third year\cmp303\final_exam_project\cmp303_final_game\cmp303_final\coursework\cmp105app\x64\debug\vector.obj
c:\users\aless\onedrive\desktop\uni work\third year\cmp303\final_exam_project\cmp303_final_game\cmp303_final\coursework\cmp105app\x64\debug\tilemap.obj
c:\users\aless\onedrive\desktop\uni work\third year\cmp303\final_exam_project\cmp303_final_game\cmp303_final\coursework\cmp105app\x64\debug\soundobject.obj
c:\users\aless\onedrive\desktop\uni work\third year\cmp303\final_exam_project\cmp303_final_game\cmp303_final\coursework\cmp105app\x64\debug\gameobject.obj
c:\users\aless\onedrive\desktop\uni work\third year\cmp303\final_exam_project\cmp303_final_game\cmp303_final\coursework\cmp105app\x64\debug\musicobject.obj
c:\users\aless\onedrive\desktop\uni work\third year\cmp303\final_exam_project\cmp303_final_game\cmp303_final\coursework\cmp105app\x64\debug\input.obj
c:\users\aless\onedrive\desktop\uni work\third year\cmp303\final_exam_project\cmp303_final_game\cmp303_final\coursework\cmp105app\x64\debug\gamestate.obj
c:\users\aless\onedrive\desktop\uni work\third year\cmp303\final_exam_project\cmp303_final_game\cmp303_final\coursework\cmp105app\x64\debug\collision.obj
c:\users\aless\onedrive\desktop\uni work\third year\cmp303\final_exam_project\cmp303_final_game\cmp303_final\coursework\cmp105app\x64\debug\audiomanager.obj
c:\users\aless\onedrive\desktop\uni work\third year\cmp303\final_exam_project\cmp303_final_game\cmp303_final\coursework\cmp105app\x64\debug\animation.obj
c:\users\aless\onedrive\desktop\uni work\third year\cmp303\final_exam_project\cmp303_final_game\cmp303_final\coursework\cmp105app\x64\debug\coin.obj
c:\users\aless\onedrive\desktop\uni work\third year\cmp303\final_exam_project\cmp303_final_game\cmp303_final\coursework\cmp105app\x64\debug\client.obj
c:\users\aless\onedrive\desktop\uni work\third year\cmp303\final_exam_project\cmp303_final_game\cmp303_final\coursework\x64\debug\cmp105app.pdb
c:\users\aless\onedrive\desktop\uni work\third year\cmp303\final_exam_project\cmp303_final_game\cmp303_final\coursework\cmp105app\x64\debug\cmp105app.tlog\cl.command.1.tlog
c:\users\aless\onedrive\desktop\uni work\third year\cmp303\final_exam_project\cmp303_final_game\cmp303_final\coursework\cmp105app\x64\debug\cmp105app.tlog\cl.read.1.tlog
c:\users\aless\onedrive\desktop\uni work\third year\cmp303\final_exam_project\cmp303_final_game\cmp303_final\coursework\cmp105app\x64\debug\cmp105app.tlog\cl.write.1.tlog
c:\users\aless\onedrive\desktop\uni work\third year\cmp303\final_exam_project\cmp303_final_game\cmp303_final\coursework\cmp105app\x64\debug\cmp105app.tlog\link.command.1.tlog
c:\users\aless\onedrive\desktop\uni work\third year\cmp303\final_exam_project\cmp303_final_game\cmp303_final\coursework\cmp105app\x64\debug\cmp105app.tlog\link.read.1.tlog
c:\users\aless\onedrive\desktop\uni work\third year\cmp303\final_exam_project\cmp303_final_game\cmp303_final\coursework\cmp105app\x64\debug\cmp105app.tlog\link.write.1.tlog
