C:\Program Files (x86)\Microsoft Visual Studio\2019\Enterprise\MSBuild\Microsoft\VC\v160\Microsoft.CppBuild.targets(513,5): warning MSB8028: The intermediate directory (x64\Debug\) contains files shared from another project (CMP105App.vcxproj).  This can lead to incorrect clean and rebuild behavior.
  Client.cpp
\\StuHomeOdd\HomeDrive7$\1904477\Desktop\CMP303_Final_Game\CMP303_Final\Coursework\CMP105App\Client.cpp(202,25): warning C4244: 'initializing': conversion from 'T' to 'int', possible loss of data
          with
          [
              T=float
          ]
\\StuHomeOdd\HomeDrive7$\1904477\Desktop\CMP303_Final_Game\CMP303_Final\Coursework\CMP105App\Client.cpp(211,43): warning C4244: 'argument': conversion from 'int' to 'float', possible loss of data
\\StuHomeOdd\HomeDrive7$\1904477\Desktop\CMP303_Final_Game\CMP303_Final\Coursework\CMP105App\Client.cpp(224,35): warning C4244: 'argument': conversion from 'T' to 'float', possible loss of data
          with
          [
              T=unsigned int
          ]
\\StuHomeOdd\HomeDrive7$\1904477\Desktop\CMP303_Final_Game\CMP303_Final\Coursework\CMP105App\Client.cpp(366,6): warning C4101: 'type': unreferenced local variable
  GraphicsTools.cpp
\\StuHomeOdd\HomeDrive7$\1904477\Desktop\CMP303_Final_Game\CMP303_Final\Coursework\CMP105App\GraphicsTools.cpp(9,59): warning C4244: 'argument': conversion from 'double' to 'float', possible loss of data
\\StuHomeOdd\HomeDrive7$\1904477\Desktop\CMP303_Final_Game\CMP303_Final\Coursework\CMP105App\GraphicsTools.cpp(16,57): warning C4244: 'argument': conversion from 'T' to 'float', possible loss of data
          with
          [
              T=unsigned int
          ]
\\StuHomeOdd\HomeDrive7$\1904477\Desktop\CMP303_Final_Game\CMP303_Final\Coursework\CMP105App\GraphicsTools.cpp(23,76): warning C4244: 'argument': conversion from 'double' to 'float', possible loss of data
\\StuHomeOdd\HomeDrive7$\1904477\Desktop\CMP303_Final_Game\CMP303_Final\Coursework\CMP105App\GraphicsTools.cpp(23,50): warning C4244: 'argument': conversion from 'double' to 'float', possible loss of data
\\StuHomeOdd\HomeDrive7$\1904477\Desktop\CMP303_Final_Game\CMP303_Final\Coursework\CMP105App\GraphicsTools.cpp(33,74): warning C4244: 'argument': conversion from 'T' to 'float', possible loss of data
          with
          [
              T=unsigned int
          ]
\\StuHomeOdd\HomeDrive7$\1904477\Desktop\CMP303_Final_Game\CMP303_Final\Coursework\CMP105App\GraphicsTools.cpp(33,51): warning C4244: 'argument': conversion from 'T' to 'float', possible loss of data
          with
          [
              T=unsigned int
          ]
\\StuHomeOdd\HomeDrive7$\1904477\Desktop\CMP303_Final_Game\CMP303_Final\Coursework\CMP105App\GraphicsTools.cpp(39,75): warning C4244: 'argument': conversion from 'T' to 'float', possible loss of data
          with
          [
              T=unsigned int
          ]
\\StuHomeOdd\HomeDrive7$\1904477\Desktop\CMP303_Final_Game\CMP303_Final\Coursework\CMP105App\GraphicsTools.cpp(39,52): warning C4244: 'argument': conversion from 'T' to 'float', possible loss of data
          with
          [
              T=unsigned int
          ]
\\StuHomeOdd\HomeDrive7$\1904477\Desktop\CMP303_Final_Game\CMP303_Final\Coursework\CMP105App\GraphicsTools.cpp(44,57): warning C4244: 'argument': conversion from 'double' to 'float', possible loss of data
\\StuHomeOdd\HomeDrive7$\1904477\Desktop\CMP303_Final_Game\CMP303_Final\Coursework\CMP105App\GraphicsTools.cpp(51,59): warning C4244: 'argument': conversion from 'double' to 'float', possible loss of data
\\StuHomeOdd\HomeDrive7$\1904477\Desktop\CMP303_Final_Game\CMP303_Final\Coursework\CMP105App\GraphicsTools.cpp(59,80): warning C4244: 'argument': conversion from 'T' to 'float', possible loss of data
          with
          [
              T=unsigned int
          ]
\\StuHomeOdd\HomeDrive7$\1904477\Desktop\CMP303_Final_Game\CMP303_Final\Coursework\CMP105App\GraphicsTools.cpp(59,56): warning C4244: 'argument': conversion from 'double' to 'float', possible loss of data
\\StuHomeOdd\HomeDrive7$\1904477\Desktop\CMP303_Final_Game\CMP303_Final\Coursework\CMP105App\GraphicsTools.cpp(64,75): warning C4244: 'argument': conversion from 'T' to 'float', possible loss of data
          with
          [
              T=unsigned int
          ]
\\StuHomeOdd\HomeDrive7$\1904477\Desktop\CMP303_Final_Game\CMP303_Final\Coursework\CMP105App\GraphicsTools.cpp(64,50): warning C4244: 'argument': conversion from 'double' to 'float', possible loss of data
  Level.cpp
  Main.cpp
  Player.cpp
\\StuHomeOdd\HomeDrive7$\1904477\Desktop\CMP303_Final_Game\CMP303_Final\Coursework\CMP105App\Player.cpp(15,12): warning C4244: 'argument': conversion from 'time_t' to 'unsigned int', possible loss of data
  Generating Code...
  CMP105App.vcxproj -> \\StuHomeOdd\HomeDrive7$\1904477\Desktop\CMP303_Final_Game\CMP303_Final\Coursework\x64\Debug\CMP303_Coursework.exe
