  client.cpp
F:\CMP303_Final_Exam\sfml_client_server\sfml_client_server\client.cpp(66,29): warning C4244: 'argument': conversion from 'int' to 'float', possible loss of data
F:\CMP303_Final_Exam\sfml_client_server\sfml_client_server\client.cpp(71,29): warning C4244: 'argument': conversion from 'int' to 'float', possible loss of data
  server.cpp
  Source.cpp
client.obj : error LNK2001: unresolved external symbol "__declspec(dllimport) public: void __cdecl sf::Socket::setBlocking(bool)" (__imp_?setBlocking@Socket@sf@@QEAAX_N@Z)
client.obj : error LNK2001: unresolved external symbol "__declspec(dllimport) public: static class sf::RenderStates const sf::RenderStates::Default" (__imp_?Default@RenderStates@sf@@2V12@B)
client.obj : error LNK2001: unresolved external symbol "__declspec(dllimport) public: static class sf::IpAddress __cdecl sf::IpAddress::getLocalAddress(void)" (__imp_?getLocalAddress@IpAddress@sf@@SA?AV12@XZ)
client.obj : error LNK2001: unresolved external symbol "__declspec(dllimport) public: __cdecl sf::IpAddress::IpAddress(void)" (__imp_??0IpAddress@sf@@QEAA@XZ)
client.obj : error LNK2001: unresolved external symbol "__declspec(dllimport) public: static class sf::Time const sf::Time::Zero" (__imp_?Zero@Time@sf@@2V12@B)
client.obj : error LNK2001: unresolved external symbol "__declspec(dllimport) public: void __cdecl sf::Transformable::setPosition(float,float)" (__imp_?setPosition@Transformable@sf@@QEAAXMM@Z)
client.obj : error LNK2001: unresolved external symbol "__declspec(dllimport) public: bool __cdecl sf::Font::loadFromFile(class std::basic_string<char,struct std::char_traits<char>,class std::allocator<char> > const &)" (__imp_?loadFromFile@Font@sf@@QEAA_NAEBV?$basic_string@DU?$char_traits@D@std@@V?$allocator@D@2@@std@@@Z)
client.obj : error LNK2001: unresolved external symbol "__declspec(dllimport) public: __cdecl sf::Font::~Font(void)" (__imp_??1Font@sf@@QEAA@XZ)
client.obj : error LNK2001: unresolved external symbol "__declspec(dllimport) public: __cdecl sf::Font::Font(void)" (__imp_??0Font@sf@@QEAA@XZ)
client.obj : error LNK2001: unresolved external symbol "__declspec(dllimport) public: virtual __cdecl sf::RenderWindow::~RenderWindow(void)" (__imp_??1RenderWindow@sf@@UEAA@XZ)
client.obj : error LNK2001: unresolved external symbol "__declspec(dllimport) public: __cdecl sf::RenderWindow::RenderWindow(class sf::VideoMode,class sf::String const &,unsigned int,struct sf::ContextSettings const &)" (__imp_??0RenderWindow@sf@@QEAA@VVideoMode@1@AEBVString@1@IAEBUContextSettings@1@@Z)
client.obj : error LNK2001: unresolved external symbol "__declspec(dllimport) public: __cdecl sf::Color::Color(unsigned char,unsigned char,unsigned char,unsigned char)" (__imp_??0Color@sf@@QEAA@EEEE@Z)
client.obj : error LNK2001: unresolved external symbol "__declspec(dllimport) public: static class sf::Color const sf::Color::Red" (__imp_?Red@Color@sf@@2V12@B)
client.obj : error LNK2001: unresolved external symbol "__declspec(dllimport) public: class sf::Packet & __cdecl sf::Packet::operator<<(class std::basic_string<char,struct std::char_traits<char>,class std::allocator<char> > const &)" (__imp_??6Packet@sf@@QEAAAEAV01@AEBV?$basic_string@DU?$char_traits@D@std@@V?$allocator@D@2@@std@@@Z)
client.obj : error LNK2001: unresolved external symbol "__declspec(dllimport) public: class sf::Packet & __cdecl sf::Packet::operator>>(class std::basic_string<char,struct std::char_traits<char>,class std::allocator<char> > &)" (__imp_??5Packet@sf@@QEAAAEAV01@AEAV?$basic_string@DU?$char_traits@D@std@@V?$allocator@D@2@@std@@@Z)
client.obj : error LNK2001: unresolved external symbol "__declspec(dllimport) public: __cdecl sf::Packet::operator bool (__cdecl sf::Packet::*)(unsigned __int64)(void)const " (__imp_??BPacket@sf@@QEBAP801@EAA_N_K@ZXZ)
client.obj : error LNK2001: unresolved external symbol "__declspec(dllimport) public: virtual __cdecl sf::Packet::~Packet(void)" (__imp_??1Packet@sf@@UEAA@XZ)
client.obj : error LNK2001: unresolved external symbol "__declspec(dllimport) public: __cdecl sf::Packet::Packet(void)" (__imp_??0Packet@sf@@QEAA@XZ)
client.obj : error LNK2001: unresolved external symbol "__declspec(dllimport) public: enum sf::Socket::Status __cdecl sf::TcpSocket::receive(class sf::Packet &)" (__imp_?receive@TcpSocket@sf@@QEAA?AW4Status@Socket@2@AEAVPacket@2@@Z)
client.obj : error LNK2001: unresolved external symbol "__declspec(dllimport) public: enum sf::Socket::Status __cdecl sf::TcpSocket::send(class sf::Packet &)" (__imp_?send@TcpSocket@sf@@QEAA?AW4Status@Socket@2@AEAVPacket@2@@Z)
client.obj : error LNK2001: unresolved external symbol "__declspec(dllimport) public: enum sf::Socket::Status __cdecl sf::TcpSocket::connect(class sf::IpAddress const &,unsigned short,class sf::Time)" (__imp_?connect@TcpSocket@sf@@QEAA?AW4Status@Socket@2@AEBVIpAddress@2@GVTime@2@@Z)
client.obj : error LNK2001: unresolved external symbol "__declspec(dllimport) public: __cdecl sf::TcpSocket::TcpSocket(void)" (__imp_??0TcpSocket@sf@@QEAA@XZ)
client.obj : error LNK2001: unresolved external symbol "__declspec(dllimport) public: void __cdecl sf::Window::display(void)" (__imp_?display@Window@sf@@QEAAXXZ)
client.obj : error LNK2001: unresolved external symbol "__declspec(dllimport) public: void __cdecl sf::Window::setTitle(class sf::String const &)" (__imp_?setTitle@Window@sf@@QEAAXAEBVString@2@@Z)
client.obj : error LNK2001: unresolved external symbol "__declspec(dllimport) public: bool __cdecl sf::Window::pollEvent(class sf::Event &)" (__imp_?pollEvent@Window@sf@@QEAA_NAEAVEvent@2@@Z)
client.obj : error LNK2001: unresolved external symbol "__declspec(dllimport) public: void __cdecl sf::Window::close(void)" (__imp_?close@Window@sf@@QEAAXXZ)
client.obj : error LNK2001: unresolved external symbol "__declspec(dllimport) public: void __cdecl sf::RenderTarget::draw(class sf::Drawable const &,class sf::RenderStates const &)" (__imp_?draw@RenderTarget@sf@@QEAAXAEBVDrawable@2@AEBVRenderStates@2@@Z)
client.obj : error LNK2001: unresolved external symbol "__declspec(dllimport) public: void __cdecl sf::RenderTarget::clear(class sf::Color const &)" (__imp_?clear@RenderTarget@sf@@QEAAXAEBVColor@2@@Z)
client.obj : error LNK2001: unresolved external symbol "__declspec(dllimport) public: __cdecl sf::String::String(char const *,class std::locale const &)" (__imp_??0String@sf@@QEAA@PEBDAEBVlocale@std@@@Z)
client.obj : error LNK2001: unresolved external symbol "__declspec(dllimport) public: __cdecl sf::String::String(class std::basic_string<char,struct std::char_traits<char>,class std::allocator<char> > const &,class std::locale const &)" (__imp_??0String@sf@@QEAA@AEBV?$basic_string@DU?$char_traits@D@std@@V?$allocator@D@2@@std@@AEBVlocale@3@@Z)
client.obj : error LNK2001: unresolved external symbol "__declspec(dllimport) public: __cdecl sf::VideoMode::VideoMode(unsigned int,unsigned int,unsigned int)" (__imp_??0VideoMode@sf@@QEAA@III@Z)
client.obj : error LNK2001: unresolved external symbol "__declspec(dllimport) private: virtual void __cdecl sf::Text::draw(class sf::RenderTarget &,class sf::RenderStates)const " (__imp_?draw@Text@sf@@EEBAXAEAVRenderTarget@2@VRenderStates@2@@Z)
client.obj : error LNK2001: unresolved external symbol "__declspec(dllimport) public: void __cdecl sf::Text::setFillColor(class sf::Color const &)" (__imp_?setFillColor@Text@sf@@QEAAXAEBVColor@2@@Z)
client.obj : error LNK2001: unresolved external symbol "__declspec(dllimport) public: __cdecl sf::Text::Text(class sf::String const &,class sf::Font const &,unsigned int)" (__imp_??0Text@sf@@QEAA@AEBVString@1@AEBVFont@1@I@Z)
client.obj : error LNK2001: unresolved external symbol "__declspec(dllimport) public: static class sf::Color const sf::Color::Blue" (__imp_?Blue@Color@sf@@2V12@B)
client.obj : error LNK2001: unresolved external symbol "__declspec(dllimport) public: __cdecl sf::Text::Text(class sf::Text &&)" (__imp_??0Text@sf@@QEAA@$$QEAV01@@Z)
client.obj : error LNK2001: unresolved external symbol "__declspec(dllimport) public: __cdecl sf::Text::Text(class sf::Text const &)" (__imp_??0Text@sf@@QEAA@AEBV01@@Z)
client.obj : error LNK2001: unresolved external symbol "__declspec(dllimport) public: virtual __cdecl sf::Text::~Text(void)" (__imp_??1Text@sf@@UEAA@XZ)
client.obj : error LNK2001: unresolved external symbol "__declspec(dllimport) public: __cdecl sf::String::~String(void)" (__imp_??1String@sf@@QEAA@XZ)
client.obj : error LNK2001: unresolved external symbol "__declspec(dllimport) public: virtual __cdecl sf::TcpSocket::~TcpSocket(void)" (__imp_??1TcpSocket@sf@@UEAA@XZ)
server.obj : error LNK2001: unresolved external symbol "__declspec(dllimport) class std::basic_ostream<char,struct std::char_traits<char> > & __cdecl sf::operator<<(class std::basic_ostream<char,struct std::char_traits<char> > &,class sf::IpAddress const &)" (__imp_??6sf@@YAAEAV?$basic_ostream@DU?$char_traits@D@std@@@std@@AEAV12@AEBVIpAddress@0@@Z)
server.obj : error LNK2001: unresolved external symbol "__declspec(dllimport) public: enum sf::Socket::Status __cdecl sf::TcpListener::accept(class sf::TcpSocket &)" (__imp_?accept@TcpListener@sf@@QEAA?AW4Status@Socket@2@AEAVTcpSocket@2@@Z)
server.obj : error LNK2001: unresolved external symbol "__declspec(dllimport) public: enum sf::Socket::Status __cdecl sf::TcpListener::listen(unsigned short,class sf::IpAddress const &)" (__imp_?listen@TcpListener@sf@@QEAA?AW4Status@Socket@2@GAEBVIpAddress@2@@Z)
server.obj : error LNK2001: unresolved external symbol "__declspec(dllimport) public: enum sf::Socket::Status __cdecl sf::UdpSocket::receive(void *,unsigned __int64,unsigned __int64 &,class sf::IpAddress &,unsigned short &)" (__imp_?receive@UdpSocket@sf@@QEAA?AW4Status@Socket@2@PEAX_KAEA_KAEAVIpAddress@2@AEAG@Z)
server.obj : error LNK2001: unresolved external symbol "__declspec(dllimport) public: enum sf::Socket::Status __cdecl sf::UdpSocket::send(void const *,unsigned __int64,class sf::IpAddress const &,unsigned short)" (__imp_?send@UdpSocket@sf@@QEAA?AW4Status@Socket@2@PEBX_KAEBVIpAddress@2@G@Z)
server.obj : error LNK2001: unresolved external symbol "__declspec(dllimport) public: enum sf::Socket::Status __cdecl sf::UdpSocket::bind(unsigned short,class sf::IpAddress const &)" (__imp_?bind@UdpSocket@sf@@QEAA?AW4Status@Socket@2@GAEBVIpAddress@2@@Z)
server.obj : error LNK2001: unresolved external symbol "__declspec(dllimport) public: static class sf::IpAddress const sf::IpAddress::Any" (__imp_?Any@IpAddress@sf@@2V12@B)
server.obj : error LNK2001: unresolved external symbol "__declspec(dllimport) public: bool __cdecl sf::SocketSelector::isReady(class sf::Socket &)const " (__imp_?isReady@SocketSelector@sf@@QEBA_NAEAVSocket@2@@Z)
server.obj : error LNK2001: unresolved external symbol "__declspec(dllimport) public: bool __cdecl sf::SocketSelector::wait(class sf::Time)" (__imp_?wait@SocketSelector@sf@@QEAA_NVTime@2@@Z)
server.obj : error LNK2001: unresolved external symbol "__declspec(dllimport) public: void __cdecl sf::SocketSelector::add(class sf::Socket &)" (__imp_?add@SocketSelector@sf@@QEAAXAEAVSocket@2@@Z)
Source.obj : error LNK2001: unresolved external symbol "__declspec(dllimport) public: __cdecl sf::TcpListener::TcpListener(void)" (__imp_??0TcpListener@sf@@QEAA@XZ)
Source.obj : error LNK2001: unresolved external symbol "__declspec(dllimport) public: __cdecl sf::UdpSocket::UdpSocket(void)" (__imp_??0UdpSocket@sf@@QEAA@XZ)
Source.obj : error LNK2001: unresolved external symbol "__declspec(dllimport) public: __cdecl sf::SocketSelector::~SocketSelector(void)" (__imp_??1SocketSelector@sf@@QEAA@XZ)
Source.obj : error LNK2001: unresolved external symbol "__declspec(dllimport) public: __cdecl sf::SocketSelector::SocketSelector(void)" (__imp_??0SocketSelector@sf@@QEAA@XZ)
Source.obj : error LNK2001: unresolved external symbol "__declspec(dllimport) public: virtual __cdecl sf::TcpListener::~TcpListener(void)" (__imp_??1TcpListener@sf@@UEAA@XZ)
Source.obj : error LNK2001: unresolved external symbol "__declspec(dllimport) public: virtual __cdecl sf::UdpSocket::~UdpSocket(void)" (__imp_??1UdpSocket@sf@@UEAA@XZ)
F:\CMP303_Final_Exam\sfml_client_server\x64\Release\sfml_client_server.exe : fatal error LNK1120: 56 unresolved externals
