\\stuhomeodd\homedrive7$\1904477\desktop\cmp303_final_game\cmp303_final\coursework\cmp105app\x64\release\vc142.pdb
\\stuhomeodd\homedrive7$\1904477\desktop\cmp303_final_game\cmp303_final\coursework\cmp105app\x64\release\player.obj
\\stuhomeodd\homedrive7$\1904477\desktop\cmp303_final_game\cmp303_final\coursework\cmp105app\x64\release\menu.obj
\\stuhomeodd\homedrive7$\1904477\desktop\cmp303_final_game\cmp303_final\coursework\cmp105app\x64\release\main.obj
\\stuhomeodd\homedrive7$\1904477\desktop\cmp303_final_game\cmp303_final\coursework\cmp105app\x64\release\level.obj
\\stuhomeodd\homedrive7$\1904477\desktop\cmp303_final_game\cmp303_final\coursework\cmp105app\x64\release\graphicstools.obj
\\stuhomeodd\homedrive7$\1904477\desktop\cmp303_final_game\cmp303_final\coursework\cmp105app\x64\release\vector.obj
\\stuhomeodd\homedrive7$\1904477\desktop\cmp303_final_game\cmp303_final\coursework\cmp105app\x64\release\tilemap.obj
\\stuhomeodd\homedrive7$\1904477\desktop\cmp303_final_game\cmp303_final\coursework\cmp105app\x64\release\soundobject.obj
\\stuhomeodd\homedrive7$\1904477\desktop\cmp303_final_game\cmp303_final\coursework\cmp105app\x64\release\gameobject.obj
\\stuhomeodd\homedrive7$\1904477\desktop\cmp303_final_game\cmp303_final\coursework\cmp105app\x64\release\musicobject.obj
\\stuhomeodd\homedrive7$\1904477\desktop\cmp303_final_game\cmp303_final\coursework\cmp105app\x64\release\input.obj
\\stuhomeodd\homedrive7$\1904477\desktop\cmp303_final_game\cmp303_final\coursework\cmp105app\x64\release\gamestate.obj
\\stuhomeodd\homedrive7$\1904477\desktop\cmp303_final_game\cmp303_final\coursework\cmp105app\x64\release\collision.obj
\\stuhomeodd\homedrive7$\1904477\desktop\cmp303_final_game\cmp303_final\coursework\cmp105app\x64\release\audiomanager.obj
\\stuhomeodd\homedrive7$\1904477\desktop\cmp303_final_game\cmp303_final\coursework\cmp105app\x64\release\animation.obj
\\stuhomeodd\homedrive7$\1904477\desktop\cmp303_final_game\cmp303_final\coursework\cmp105app\x64\release\coin.obj
\\stuhomeodd\homedrive7$\1904477\desktop\cmp303_final_game\cmp303_final\coursework\cmp105app\x64\release\client.obj
c:\users\aless\onedrive\desktop\uni work\third year\cmp303\final_exam_project\cmp303_final_game\cmp303_final\coursework\cmp105app\x64\release\vc142.pdb
c:\users\aless\onedrive\desktop\uni work\third year\cmp303\final_exam_project\cmp303_final_game\cmp303_final\coursework\cmp105app\x64\release\player.obj
c:\users\aless\onedrive\desktop\uni work\third year\cmp303\final_exam_project\cmp303_final_game\cmp303_final\coursework\cmp105app\x64\release\menu.obj
c:\users\aless\onedrive\desktop\uni work\third year\cmp303\final_exam_project\cmp303_final_game\cmp303_final\coursework\cmp105app\x64\release\main.obj
c:\users\aless\onedrive\desktop\uni work\third year\cmp303\final_exam_project\cmp303_final_game\cmp303_final\coursework\cmp105app\x64\release\level.obj
c:\users\aless\onedrive\desktop\uni work\third year\cmp303\final_exam_project\cmp303_final_game\cmp303_final\coursework\cmp105app\x64\release\graphicstools.obj
c:\users\aless\onedrive\desktop\uni work\third year\cmp303\final_exam_project\cmp303_final_game\cmp303_final\coursework\cmp105app\x64\release\vector.obj
c:\users\aless\onedrive\desktop\uni work\third year\cmp303\final_exam_project\cmp303_final_game\cmp303_final\coursework\cmp105app\x64\release\tilemap.obj
c:\users\aless\onedrive\desktop\uni work\third year\cmp303\final_exam_project\cmp303_final_game\cmp303_final\coursework\cmp105app\x64\release\soundobject.obj
c:\users\aless\onedrive\desktop\uni work\third year\cmp303\final_exam_project\cmp303_final_game\cmp303_final\coursework\cmp105app\x64\release\gameobject.obj
c:\users\aless\onedrive\desktop\uni work\third year\cmp303\final_exam_project\cmp303_final_game\cmp303_final\coursework\cmp105app\x64\release\musicobject.obj
c:\users\aless\onedrive\desktop\uni work\third year\cmp303\final_exam_project\cmp303_final_game\cmp303_final\coursework\cmp105app\x64\release\input.obj
c:\users\aless\onedrive\desktop\uni work\third year\cmp303\final_exam_project\cmp303_final_game\cmp303_final\coursework\cmp105app\x64\release\gamestate.obj
c:\users\aless\onedrive\desktop\uni work\third year\cmp303\final_exam_project\cmp303_final_game\cmp303_final\coursework\cmp105app\x64\release\collision.obj
c:\users\aless\onedrive\desktop\uni work\third year\cmp303\final_exam_project\cmp303_final_game\cmp303_final\coursework\cmp105app\x64\release\audiomanager.obj
c:\users\aless\onedrive\desktop\uni work\third year\cmp303\final_exam_project\cmp303_final_game\cmp303_final\coursework\cmp105app\x64\release\animation.obj
c:\users\aless\onedrive\desktop\uni work\third year\cmp303\final_exam_project\cmp303_final_game\cmp303_final\coursework\cmp105app\x64\release\coin.obj
c:\users\aless\onedrive\desktop\uni work\third year\cmp303\final_exam_project\cmp303_final_game\cmp303_final\coursework\cmp105app\x64\release\client.obj
\\stuhomeodd\homedrive7$\1904477\desktop\cmp303_final_game\cmp303_final\coursework\x64\release\cmp303_coursework.exe
\\stuhomeodd\homedrive7$\1904477\desktop\cmp303_final_game\cmp303_final\coursework\cmp105app\x64\release\cmp303_coursework.ipdb
\\stuhomeodd\homedrive7$\1904477\desktop\cmp303_final_game\cmp303_final\coursework\cmp105app\x64\release\cmp303_coursework.iobj
\\stuhomeodd\homedrive7$\1904477\desktop\cmp303_final_game\cmp303_final\coursework\x64\release\cmp303_coursework.pdb
c:\users\aless\onedrive\desktop\uni work\third year\cmp303\final_exam_project\cmp303_final_game\cmp303_final\coursework\x64\release\cmp303_coursework.exe
c:\users\aless\onedrive\desktop\uni work\third year\cmp303\final_exam_project\cmp303_final_game\cmp303_final\coursework\cmp105app\x64\release\cmp303_coursework.ipdb
c:\users\aless\onedrive\desktop\uni work\third year\cmp303\final_exam_project\cmp303_final_game\cmp303_final\coursework\cmp105app\x64\release\cmp303_coursework.iobj
c:\users\aless\onedrive\desktop\uni work\third year\cmp303\final_exam_project\cmp303_final_game\cmp303_final\coursework\x64\release\cmp303_coursework.pdb
c:\users\aless\onedrive\desktop\uni work\third year\cmp303\final_exam_project\cmp303_final_game\cmp303_final\coursework\cmp105app\x64\release\cmp303_c.8f520d79.tlog\cl.command.1.tlog
c:\users\aless\onedrive\desktop\uni work\third year\cmp303\final_exam_project\cmp303_final_game\cmp303_final\coursework\cmp105app\x64\release\cmp303_c.8f520d79.tlog\cl.read.1.tlog
c:\users\aless\onedrive\desktop\uni work\third year\cmp303\final_exam_project\cmp303_final_game\cmp303_final\coursework\cmp105app\x64\release\cmp303_c.8f520d79.tlog\cl.write.1.tlog
c:\users\aless\onedrive\desktop\uni work\third year\cmp303\final_exam_project\cmp303_final_game\cmp303_final\coursework\cmp105app\x64\release\cmp303_c.8f520d79.tlog\link.command.1.tlog
c:\users\aless\onedrive\desktop\uni work\third year\cmp303\final_exam_project\cmp303_final_game\cmp303_final\coursework\cmp105app\x64\release\cmp303_c.8f520d79.tlog\link.read.1.tlog
c:\users\aless\onedrive\desktop\uni work\third year\cmp303\final_exam_project\cmp303_final_game\cmp303_final\coursework\cmp105app\x64\release\cmp303_c.8f520d79.tlog\link.write.1.tlog
